[INFO ] 2022-11-06T17:06:22,375 [main] RPCClient - Startup took 1468 msec
[INFO ] 2022-11-06T17:06:22,708 [main] Client - [NodeInfo(addresses=[localhost:10005], legalIdentitiesAndCerts=[O=PartyA, L=London, C=GB], platformVersion=11, serial=1667754179154), NodeInfo(addresses=[localhost:10002], legalIdentitiesAndCerts=[O=Notary, L=London, C=GB], platformVersion=11, serial=1667754179246), NodeInfo(addresses=[localhost:10008], legalIdentitiesAndCerts=[O=PartyB, L=New York, C=US], platformVersion=11, serial=1667754177176)]
[INFO ] 2022-11-06T17:06:22,723 [main] Client - O=PartyA, L=London, C=GB
[INFO ] 2022-11-06T17:07:17,007 [main] Starter - Starting Starter on qiancheng with PID 49292 (started by ·¶Ç¬³Ì in C:\Users\·¶Ç¬³Ì\Desktop\±ÏÉè\template\cordapp-template-java)
[INFO ] 2022-11-06T17:07:17,011 [main] Starter - No active profile set, falling back to default profiles: default
[WARN ] 2022-11-06T17:07:17,013 [background-preinit] Jackson2ObjectMapperBuilder - For Jackson Kotlin classes support please add "com.fasterxml.jackson.module:jackson-module-kotlin" to the classpath
[INFO ] 2022-11-06T17:07:17,043 [main] AnnotationConfigServletWebServerApplicationContext - Refreshing org.springframework.boot.web.servlet.context.AnnotationConfigServletWebServerApplicationContext@63f259c3: startup date [Sun Nov 06 17:07:17 GMT 2022]; root of context hierarchy
[INFO ] 2022-11-06T17:07:17,861 [main] TomcatWebServer - Tomcat initialized with port(s): 10050 (http)
[INFO ] 2022-11-06T17:07:17,920 [main] Http11NioProtocol - Initializing ProtocolHandler ["http-nio-10050"]
[INFO ] 2022-11-06T17:07:17,928 [main] StandardService - Starting service [Tomcat]
[INFO ] 2022-11-06T17:07:17,928 [main] StandardEngine - Starting Servlet Engine: Apache Tomcat/8.5.31
[INFO ] 2022-11-06T17:07:17,934 [localhost-startStop-1] AprLifecycleListener - The APR based Apache Tomcat Native library which allows optimal performance in production environments was not found on the java.library.path: [C:\Program Files\Java\jdk1.8.0_341\bin;C:\WINDOWS\Sun\Java\bin;C:\WINDOWS\system32;C:\WINDOWS;C:\Program Files (x86)\VMware\VMware Player\bin\;C:\Program Files (x86)\Common Files\Oracle\Java\javapath;C:\Program Files\NVIDIA GPU Computing Toolkit\CUDA\v11.7\bin;C:\Program Files\NVIDIA GPU Computing Toolkit\CUDA\v11.7\libnvvp;C:\Windows\system32;C:\Windows;C:\Windows\System32\Wbem;C:\Windows\System32\WindowsPowerShell\v1.0\;C:\Windows\System32\OpenSSH\;C:\Program Files (x86)\NVIDIA Corporation\PhysX\Common;C:\Program Files\NVIDIA Corporation\NVIDIA NvDLISR;C:\Program Files\Git\cmd;C:\Program Files\dotnet\;C:\Program Files (x86)\Intel\IntelSGXSDK\bin\x64\Release\;C:\Program Files (x86)\Intel\IntelSGXSDK\bin\win32\Release\;C:\Program Files\NVIDIA Corporation\Nsight Compute 2022.2.1\;C:\WINDOWS\system32;C:\WINDOWS;C:\WINDOWS\System32\Wbem;C:\WINDOWS\System32\WindowsPowerShell\v1.0\;C:\WINDOWS\System32\OpenSSH\;C:\Program Files\Java\jdk1.8.0_341\bin;C:\Program Files\Java\jdk1.8.0_341\jre\bin;C:\Program Files\Docker\Docker\resources\bin;C:\Program Files\Java\jdk1.8.0_341\bin;C:\Users\·¶Ç¬³Ì\bin;C:\Program Files\Git\mingw64\bin;C:\Program Files\Git\usr\local\bin;C:\Program Files\Git\usr\bin;C:\Program Files\Git\usr\bin;C:\Program Files\Git\mingw64\bin;C:\Program Files\Git\usr\bin;C:\Users\·¶Ç¬³Ì\bin;C:\Program Files (x86)\Common Files\Oracle\Java\javapath;C:\Program Files\NVIDIA GPU Computing Toolkit\CUDA\v11.7\bin;C:\Program Files\NVIDIA GPU Computing Toolkit\CUDA\v11.7\libnvvp;C:\Windows\system32;C:\Windows;C:\Windows\System32\Wbem;C:\Windows\System32\WindowsPowerShell\v1.0;C:\Windows\System32\OpenSSH;C:\Program Files (x86)\NVIDIA Corporation\PhysX\Common;C:\Program Files\NVIDIA Corporation\NVIDIA NvDLISR;C:\Program Files\Git\cmd;C:\Program Files\dotnet;C:\Program Files (x86)\Intel\IntelSGXSDK\bin\x64\Release;C:\Program Files (x86)\Intel\IntelSGXSDK\bin\win32\Release;C:\Program Files\NVIDIA Corporation\Nsight Compute 2022.2.1;C:\WINDOWS\system32;C:\WINDOWS;C:\WINDOWS\System32\Wbem;C:\WINDOWS\System32\WindowsPowerShell\v1.0;C:\WINDOWS\System32\OpenSSH;C:\Program Files\Java\jdk1.8.0_341\bin;C:\Program Files\Java\jdk1.8.0_341\jre\bin;C:\Program Files\Docker\Docker\resources\bin;C:\Users\·¶Ç¬³Ì\AppData\Local\Programs\Python\Python310\Scripts;C:\Users\·¶Ç¬³Ì\AppData\Local\Programs\Python\Python310;C:\Users\·¶Ç¬³Ì\AppData\Local\Microsoft\WindowsApps;C:\Program Files\JetBrains\PyCharm 2022.2.1\bin;C:\Program Files\JetBrains\CLion 2022.2.1\bin;C:\Users\·¶Ç¬³Ì\AppData\Roaming\Python\Python39\Scripts;C:\Program Files\JetBrains\IntelliJ IDEA 2022.2.2\bin;C:\ProgramData\Miniconda3;C:\ProgramData\Miniconda3\condabin;C:\ProgramData\Miniconda3\Scripts;C:\ProgramData\Miniconda3\Library;C:\Program Files\Git\usr\bin\vendor_perl;C:\Program Files\Git\usr\bin\core_perl;C:\Users\èŒƒä¹¾ç¨‹\bin\corda-cli\bin;;.]
[INFO ] 2022-11-06T17:07:18,003 [localhost-startStop-1] [/] - Initializing Spring embedded WebApplicationContext
[INFO ] 2022-11-06T17:07:18,003 [localhost-startStop-1] ContextLoader - Root WebApplicationContext: initialization completed in 962 ms
[INFO ] 2022-11-06T17:07:18,065 [localhost-startStop-1] ServletRegistrationBean - Servlet dispatcherServlet mapped to [/]
[INFO ] 2022-11-06T17:07:18,068 [localhost-startStop-1] FilterRegistrationBean - Mapping filter: 'characterEncodingFilter' to: [/*]
[INFO ] 2022-11-06T17:07:18,069 [localhost-startStop-1] FilterRegistrationBean - Mapping filter: 'hiddenHttpMethodFilter' to: [/*]
[INFO ] 2022-11-06T17:07:18,069 [localhost-startStop-1] FilterRegistrationBean - Mapping filter: 'httpPutFormContentFilter' to: [/*]
[INFO ] 2022-11-06T17:07:18,069 [localhost-startStop-1] FilterRegistrationBean - Mapping filter: 'requestContextFilter' to: [/*]
[INFO ] 2022-11-06T17:07:20,670 [main] RPCClient - Startup took 1036 msec
[INFO ] 2022-11-06T17:07:20,725 [main] SimpleUrlHandlerMapping - Mapped URL path [/**/favicon.ico] onto handler of type [class org.springframework.web.servlet.resource.ResourceHttpRequestHandler]
[INFO ] 2022-11-06T17:07:20,840 [main] RequestMappingHandlerAdapter - Looking for @ControllerAdvice: org.springframework.boot.web.servlet.context.AnnotationConfigServletWebServerApplicationContext@63f259c3: startup date [Sun Nov 06 17:07:17 GMT 2022]; root of context hierarchy
[INFO ] 2022-11-06T17:07:20,890 [main] RequestMappingHandlerMapping - Mapped "{[/templateendpoint],methods=[GET],produces=[text/plain]}" onto private java.lang.String com.template.webserver.Controller.templateendpoint()
[INFO ] 2022-11-06T17:07:20,892 [main] RequestMappingHandlerMapping - Mapped "{[/error]}" onto public org.springframework.http.ResponseEntity<java.util.Map<java.lang.String, java.lang.Object>> org.springframework.boot.autoconfigure.web.servlet.error.BasicErrorController.error(javax.servlet.http.HttpServletRequest)
[INFO ] 2022-11-06T17:07:20,892 [main] RequestMappingHandlerMapping - Mapped "{[/error],produces=[text/html]}" onto public org.springframework.web.servlet.ModelAndView org.springframework.boot.autoconfigure.web.servlet.error.BasicErrorController.errorHtml(javax.servlet.http.HttpServletRequest,javax.servlet.http.HttpServletResponse)
[INFO ] 2022-11-06T17:07:20,909 [main] SimpleUrlHandlerMapping - Mapped URL path [/webjars/**] onto handler of type [class org.springframework.web.servlet.resource.ResourceHttpRequestHandler]
[INFO ] 2022-11-06T17:07:20,909 [main] SimpleUrlHandlerMapping - Mapped URL path [/**] onto handler of type [class org.springframework.web.servlet.resource.ResourceHttpRequestHandler]
[INFO ] 2022-11-06T17:07:20,939 [main] WelcomePageHandlerMapping - Adding welcome page: class path resource [static/index.html]
[INFO ] 2022-11-06T17:07:21,042 [main] AnnotationMBeanExporter - Registering beans for JMX exposure on startup
[INFO ] 2022-11-06T17:07:21,055 [main] Http11NioProtocol - Starting ProtocolHandler ["http-nio-10050"]
[INFO ] 2022-11-06T17:07:21,058 [main] NioSelectorPool - Using a shared selector for servlet write/read
[INFO ] 2022-11-06T17:07:21,079 [main] TomcatWebServer - Tomcat started on port(s): 10050 (http) with context path ''
[INFO ] 2022-11-06T17:07:21,082 [main] Starter - Started Starter in 4.512 seconds (JVM running for 5.113)
